<?xml version="1.0" encoding="UTF-8"?>
<testng-results ignored="0" total="1" passed="1" failed="0" skipped="0">
  <reporter-output>
  </reporter-output>
  <suite started-at="2021-06-07T17:16:11 IST" name="Default suite" finished-at="2021-06-07T17:16:24 IST" duration-ms="12849">
    <groups>
    </groups>
    <test started-at="2021-06-07T17:16:11 IST" name="Default test" finished-at="2021-06-07T17:16:24 IST" duration-ms="12849">
      <class name="com.cyient.test.AboutTest">
        <test-method is-config="true" signature="setup()[pri:0, instance:com.cyient.test.AboutTest@649bec2e]" started-at="2021-06-07T17:16:11 IST" name="setup" finished-at="2021-06-07T17:16:18 IST" duration-ms="6874" status="PASS">
          <reporter-output>
          </reporter-output>
        </test-method> <!-- setup -->
        <test-method signature="verifyCompanyNameTest()[pri:0, instance:com.cyient.test.AboutTest@649bec2e]" started-at="2021-06-07T17:16:18 IST" name="verifyCompanyNameTest" finished-at="2021-06-07T17:16:23 IST" duration-ms="4917" status="PASS">
          <reporter-output>
          </reporter-output>
        </test-method> <!-- verifyCompanyNameTest -->
        <test-method is-config="true" signature="teardown()[pri:0, instance:com.cyient.test.AboutTest@649bec2e]" started-at="2021-06-07T17:16:23 IST" name="teardown" finished-at="2021-06-07T17:16:24 IST" duration-ms="1012" status="PASS">
          <reporter-output>
          </reporter-output>
        </test-method> <!-- teardown -->
      </class> <!-- com.cyient.test.AboutTest -->
    </test> <!-- Default test -->
  </suite> <!-- Default suite -->
</testng-results>
